# JRE version: OpenJDK Runtime Environment Temurin-17.0.8.1+1 (17.0.8.1+1) (build 17.0.8.1+1)
# Java VM: OpenJDK 64-Bit Server VM Temurin-17.0.8.1+1 (17.0.8.1+1, mixed mode, tiered, compressed oops, compressed class ptrs, parallel gc, windows-amd64)
GC Precious Log:
 CPUs: 8 total, 8 available
 Memory: 7997M
 Large Page Support: Disabled
 NUMA Support: Disabled
 Compressed Oops: Enabled (32-bit)
 Alignments: Space 512K, Generation 512K, Heap 2M
 Heap Min Capacity: 100M
 Heap Initial Capacity: 100M
 Heap Max Capacity: 1G
 Pre-touch: Disabled
 Parallel Workers: 8
Heap:
 PSYoungGen      total 1536K, used 401K [0x00000000eab00000, 0x00000000ead80000, 0x0000000100000000)
  eden space 1024K, 0% used [0x00000000eab00000,0x00000000eab00000,0x00000000eac00000)
  from space 512K, 78% used [0x00000000ead00000,0x00000000ead64600,0x00000000ead80000)
  to   space 512K, 0% used [0x00000000eac80000,0x00000000eac80000,0x00000000ead00000)
 ParOldGen       total 123904K, used 123643K [0x00000000c0000000, 0x00000000c7900000, 0x00000000eab00000)
  object space 123904K, 99% used [0x00000000c0000000,0x00000000c78bef90,0x00000000c7900000)
 Metaspace       used 70146K, committed 71232K, reserved 1114112K
  class space    used 8506K, committed 9024K, reserved 1048576K
GC Heap History (20 events):
Event: 50.144 GC heap before
{Heap before GC invocations=125 (full 6):
 PSYoungGen      total 1536K, used 1363K [0x00000000eab00000, 0x00000000ead80000, 0x0000000100000000)
  eden space 1024K, 99% used [0x00000000eab00000,0x00000000eabfffe8,0x00000000eac00000)
  from space 512K, 66% used [0x00000000ead00000,0x00000000ead55000,0x00000000ead80000)
  to   space 512K, 0% used [0x00000000eac80000,0x00000000eac80000,0x00000000ead00000)
 ParOldGen       total 123904K, used 121723K [0x00000000c0000000, 0x00000000c7900000, 0x00000000eab00000)
  object space 123904K, 98% used [0x00000000c0000000,0x00000000c76def78,0x00000000c7900000)
 Metaspace       used 70146K, committed 71232K, reserved 1114112K
  class space    used 8506K, committed 9024K, reserved 1048576K
}
Event: 50.145 GC heap after
{Heap after GC invocations=125 (full 6):
 PSYoungGen      total 1536K, used 384K [0x00000000eab00000, 0x00000000ead80000, 0x0000000100000000)
  eden space 1024K, 0% used [0x00000000eab00000,0x00000000eab00000,0x00000000eac00000)
  from space 512K, 75% used [0x00000000eac80000,0x00000000eace0000,0x00000000ead00000)
  to   space 512K, 0% used [0x00000000ead00000,0x00000000ead00000,0x00000000ead80000)
 ParOldGen       total 123904K, used 122001K [0x00000000c0000000, 0x00000000c7900000, 0x00000000eab00000)
  object space 123904K, 98% used [0x00000000c0000000,0x00000000c7724410,0x00000000c7900000)
 Metaspace       used 70146K, committed 71232K, reserved 1114112K
  class space    used 8506K, committed 9024K, reserved 1048576K
}
Event: 50.213 GC heap before
{Heap before GC invocations=126 (full 6):
 PSYoungGen      total 1536K, used 1408K [0x00000000eab00000, 0x00000000ead80000, 0x0000000100000000)
  eden space 1024K, 100% used [0x00000000eab00000,0x00000000eac00000,0x00000000eac00000)
  from space 512K, 75% used [0x00000000eac80000,0x00000000eace0000,0x00000000ead00000)
  to   space 512K, 0% used [0x00000000ead00000,0x00000000ead00000,0x00000000ead80000)
 ParOldGen       total 123904K, used 122001K [0x00000000c0000000, 0x00000000c7900000, 0x00000000eab00000)
  object space 123904K, 98% used [0x00000000c0000000,0x00000000c7724410,0x00000000c7900000)
 Metaspace       used 70146K, committed 71232K, reserved 1114112K
  class space    used 8506K, committed 9024K, reserved 1048576K
}
Event: 50.215 GC heap after
{Heap after GC invocations=126 (full 6):
 PSYoungGen      total 1536K, used 320K [0x00000000eab00000, 0x00000000ead80000, 0x0000000100000000)
  eden space 1024K, 0% used [0x00000000eab00000,0x00000000eab00000,0x00000000eac00000)
  from space 512K, 62% used [0x00000000ead00000,0x00000000ead50000,0x00000000ead80000)
  to   space 512K, 0% used [0x00000000eac80000,0x00000000eac80000,0x00000000ead00000)
 ParOldGen       total 123904K, used 122262K [0x00000000c0000000, 0x00000000c7900000, 0x00000000eab00000)
  object space 123904K, 98% used [0x00000000c0000000,0x00000000c7765b28,0x00000000c7900000)
 Metaspace       used 70146K, committed 71232K, reserved 1114112K
  class space    used 8506K, committed 9024K, reserved 1048576K
}
Event: 50.241 GC heap before
{Heap before GC invocations=127 (full 6):
 PSYoungGen      total 1536K, used 1344K [0x00000000eab00000, 0x00000000ead80000, 0x0000000100000000)
  eden space 1024K, 100% used [0x00000000eab00000,0x00000000eac00000,0x00000000eac00000)
  from space 512K, 62% used [0x00000000ead00000,0x00000000ead50000,0x00000000ead80000)
  to   space 512K, 0% used [0x00000000eac80000,0x00000000eac80000,0x00000000ead00000)
 ParOldGen       total 123904K, used 122262K [0x00000000c0000000, 0x00000000c7900000, 0x00000000eab00000)
  object space 123904K, 98% used [0x00000000c0000000,0x00000000c7765b28,0x00000000c7900000)
 Metaspace       used 70146K, committed 71232K, reserved 1114112K
  class space    used 8506K, committed 9024K, reserved 1048576K
}
Event: 50.243 GC heap after
{Heap after GC invocations=127 (full 6):
 PSYoungGen      total 1536K, used 416K [0x00000000eab00000, 0x00000000ead80000, 0x0000000100000000)
  eden space 1024K, 0% used [0x00000000eab00000,0x00000000eab00000,0x00000000eac00000)
  from space 512K, 81% used [0x00000000eac80000,0x00000000eace8000,0x00000000ead00000)
  to   space 512K, 0% used [0x00000000ead00000,0x00000000ead00000,0x00000000ead80000)
 ParOldGen       total 123904K, used 122505K [0x00000000c0000000, 0x00000000c7900000, 0x00000000eab00000)
  object space 123904K, 98% used [0x00000000c0000000,0x00000000c77a2680,0x00000000c7900000)
 Metaspace       used 70146K, committed 71232K, reserved 1114112K
  class space    used 8506K, committed 9024K, reserved 1048576K
}
Event: 50.264 GC heap before
{Heap before GC invocations=128 (full 6):
 PSYoungGen      total 1536K, used 1439K [0x00000000eab00000, 0x00000000ead80000, 0x0000000100000000)
  eden space 1024K, 99% used [0x00000000eab00000,0x00000000eabfff68,0x00000000eac00000)
  from space 512K, 81% used [0x00000000eac80000,0x00000000eace8000,0x00000000ead00000)
  to   space 512K, 0% used [0x00000000ead00000,0x00000000ead00000,0x00000000ead80000)
 ParOldGen       total 123904K, used 122505K [0x00000000c0000000, 0x00000000c7900000, 0x00000000eab00000)
  object space 123904K, 98% used [0x00000000c0000000,0x00000000c77a2680,0x00000000c7900000)
 Metaspace       used 70146K, committed 71232K, reserved 1114112K
  class space    used 8506K, committed 9024K, reserved 1048576K
}
Event: 50.266 GC heap after
{Heap after GC invocations=128 (full 6):
 PSYoungGen      total 1536K, used 370K [0x00000000eab00000, 0x00000000ead80000, 0x0000000100000000)
  eden space 1024K, 0% used [0x00000000eab00000,0x00000000eab00000,0x00000000eac00000)
  from space 512K, 72% used [0x00000000ead00000,0x00000000ead5cbd8,0x00000000ead80000)
  to   space 512K, 0% used [0x00000000eac80000,0x00000000eac80000,0x00000000ead00000)
 ParOldGen       total 123904K, used 122764K [0x00000000c0000000, 0x00000000c7900000, 0x00000000eab00000)
  object space 123904K, 99% used [0x00000000c0000000,0x00000000c77e3190,0x00000000c7900000)
 Metaspace       used 70146K, committed 71232K, reserved 1114112K
  class space    used 8506K, committed 9024K, reserved 1048576K
}
Event: 50.289 GC heap before
{Heap before GC invocations=129 (full 6):
 PSYoungGen      total 1536K, used 1394K [0x00000000eab00000, 0x00000000ead80000, 0x0000000100000000)
  eden space 1024K, 100% used [0x00000000eab00000,0x00000000eac00000,0x00000000eac00000)
  from space 512K, 72% used [0x00000000ead00000,0x00000000ead5cbd8,0x00000000ead80000)
  to   space 512K, 0% used [0x00000000eac80000,0x00000000eac80000,0x00000000ead00000)
 ParOldGen       total 123904K, used 122764K [0x00000000c0000000, 0x00000000c7900000, 0x00000000eab00000)
  object space 123904K, 99% used [0x00000000c0000000,0x00000000c77e3190,0x00000000c7900000)
 Metaspace       used 70146K, committed 71232K, reserved 1114112K
  class space    used 8506K, committed 9024K, reserved 1048576K
}
Event: 50.290 GC heap after
{Heap after GC invocations=129 (full 6):
 PSYoungGen      total 1536K, used 405K [0x00000000eab00000, 0x00000000ead80000, 0x0000000100000000)
  eden space 1024K, 0% used [0x00000000eab00000,0x00000000eab00000,0x00000000eac00000)
  from space 512K, 79% used [0x00000000eac80000,0x00000000eace5400,0x00000000ead00000)
  to   space 512K, 0% used [0x00000000ead00000,0x00000000ead00000,0x00000000ead80000)
 ParOldGen       total 123904K, used 123027K [0x00000000c0000000, 0x00000000c7900000, 0x00000000eab00000)
  object space 123904K, 99% used [0x00000000c0000000,0x00000000c7824f40,0x00000000c7900000)
 Metaspace       used 70146K, committed 71232K, reserved 1114112K
  class space    used 8506K, committed 9024K, reserved 1048576K
}
Event: 50.305 GC heap before
{Heap before GC invocations=130 (full 6):
 PSYoungGen      total 1536K, used 1429K [0x00000000eab00000, 0x00000000ead80000, 0x0000000100000000)
  eden space 1024K, 100% used [0x00000000eab00000,0x00000000eac00000,0x00000000eac00000)
  from space 512K, 79% used [0x00000000eac80000,0x00000000eace5400,0x00000000ead00000)
  to   space 512K, 0% used [0x00000000ead00000,0x00000000ead00000,0x00000000ead80000)
 ParOldGen       total 123904K, used 123027K [0x00000000c0000000, 0x00000000c7900000, 0x00000000eab00000)
  object space 123904K, 99% used [0x00000000c0000000,0x00000000c7824f40,0x00000000c7900000)
 Metaspace       used 70146K, committed 71232K, reserved 1114112K
  class space    used 8506K, committed 9024K, reserved 1048576K
}
Event: 50.306 GC heap after
{Heap after GC invocations=130 (full 6):
 PSYoungGen      total 1536K, used 384K [0x00000000eab00000, 0x00000000ead80000, 0x0000000100000000)
  eden space 1024K, 0% used [0x00000000eab00000,0x00000000eab00000,0x00000000eac00000)
  from space 512K, 75% used [0x00000000ead00000,0x00000000ead60000,0x00000000ead80000)
  to   space 512K, 0% used [0x00000000eac80000,0x00000000eac80000,0x00000000ead00000)
 ParOldGen       total 123904K, used 123305K [0x00000000c0000000, 0x00000000c7900000, 0x00000000eab00000)
  object space 123904K, 99% used [0x00000000c0000000,0x00000000c786a6a0,0x00000000c7900000)
 Metaspace       used 70146K, committed 71232K, reserved 1114112K
  class space    used 8506K, committed 9024K, reserved 1048576K
}
Event: 50.325 GC heap before
{Heap before GC invocations=131 (full 6):
 PSYoungGen      total 1536K, used 1408K [0x00000000eab00000, 0x00000000ead80000, 0x0000000100000000)
  eden space 1024K, 100% used [0x00000000eab00000,0x00000000eac00000,0x00000000eac00000)
  from space 512K, 75% used [0x00000000ead00000,0x00000000ead60000,0x00000000ead80000)
  to   space 512K, 0% used [0x00000000eac80000,0x00000000eac80000,0x00000000ead00000)
 ParOldGen       total 123904K, used 123305K [0x00000000c0000000, 0x00000000c7900000, 0x00000000eab00000)
  object space 123904K, 99% used [0x00000000c0000000,0x00000000c786a6a0,0x00000000c7900000)
 Metaspace       used 70146K, committed 71232K, reserved 1114112K
  class space    used 8506K, committed 9024K, reserved 1048576K
}
Event: 50.327 GC heap after
{Heap after GC invocations=131 (full 6):
 PSYoungGen      total 1536K, used 417K [0x00000000eab00000, 0x00000000ead80000, 0x0000000100000000)
  eden space 1024K, 0% used [0x00000000eab00000,0x00000000eab00000,0x00000000eac00000)
  from space 512K, 81% used [0x00000000eac80000,0x00000000eace8750,0x00000000ead00000)
  to   space 512K, 0% used [0x00000000ead00000,0x00000000ead00000,0x00000000ead80000)
 ParOldGen       total 123904K, used 123549K [0x00000000c0000000, 0x00000000c7900000, 0x00000000eab00000)
  object space 123904K, 99% used [0x00000000c0000000,0x00000000c78a75e8,0x00000000c7900000)
 Metaspace       used 70146K, committed 71232K, reserved 1114112K
  class space    used 8506K, committed 9024K, reserved 1048576K
}
Event: 50.346 GC heap before
{Heap before GC invocations=132 (full 6):
 PSYoungGen      total 1536K, used 1441K [0x00000000eab00000, 0x00000000ead80000, 0x0000000100000000)
  eden space 1024K, 100% used [0x00000000eab00000,0x00000000eac00000,0x00000000eac00000)
  from space 512K, 81% used [0x00000000eac80000,0x00000000eace8750,0x00000000ead00000)
  to   space 512K, 0% used [0x00000000ead00000,0x00000000ead00000,0x00000000ead80000)
 ParOldGen       total 123904K, used 123549K [0x00000000c0000000, 0x00000000c7900000, 0x00000000eab00000)
  object space 123904K, 99% used [0x00000000c0000000,0x00000000c78a75e8,0x00000000c7900000)
 Metaspace       used 70146K, committed 71232K, reserved 1114112K
  class space    used 8506K, committed 9024K, reserved 1048576K
}
Event: 50.347 GC heap after
{Heap after GC invocations=132 (full 6):
 PSYoungGen      total 1536K, used 384K [0x00000000eab00000, 0x00000000ead80000, 0x0000000100000000)
  eden space 1024K, 0% used [0x00000000eab00000,0x00000000eab00000,0x00000000eac00000)
  from space 512K, 75% used [0x00000000ead00000,0x00000000ead60000,0x00000000ead80000)
  to   space 512K, 0% used [0x00000000eac80000,0x00000000eac80000,0x00000000ead00000)
 ParOldGen       total 123904K, used 123845K [0x00000000c0000000, 0x00000000c7900000, 0x00000000eab00000)
  object space 123904K, 99% used [0x00000000c0000000,0x00000000c78f17f0,0x00000000c7900000)
 Metaspace       used 70146K, committed 71232K, reserved 1114112K
  class space    used 8506K, committed 9024K, reserved 1048576K
}
Event: 50.347 GC heap before
{Heap before GC invocations=133 (full 7):
 PSYoungGen      total 1536K, used 384K [0x00000000eab00000, 0x00000000ead80000, 0x0000000100000000)
  eden space 1024K, 0% used [0x00000000eab00000,0x00000000eab00000,0x00000000eac00000)
  from space 512K, 75% used [0x00000000ead00000,0x00000000ead60000,0x00000000ead80000)
  to   space 512K, 0% used [0x00000000eac80000,0x00000000eac80000,0x00000000ead00000)
 ParOldGen       total 123904K, used 123845K [0x00000000c0000000, 0x00000000c7900000, 0x00000000eab00000)
  object space 123904K, 99% used [0x00000000c0000000,0x00000000c78f17f0,0x00000000c7900000)
 Metaspace       used 70146K, committed 71232K, reserved 1114112K
  class space    used 8506K, committed 9024K, reserved 1048576K
}
Event: 50.477 GC heap after
{Heap after GC invocations=133 (full 7):
 PSYoungGen      total 1536K, used 0K [0x00000000eab00000, 0x00000000ead80000, 0x0000000100000000)
  eden space 1024K, 0% used [0x00000000eab00000,0x00000000eab00000,0x00000000eac00000)
  from space 512K, 0% used [0x00000000eac80000,0x00000000eac80000,0x00000000ead00000)
  to   space 512K, 0% used [0x00000000ead00000,0x00000000ead00000,0x00000000ead80000)
 ParOldGen       total 123904K, used 123157K [0x00000000c0000000, 0x00000000c7900000, 0x00000000eab00000)
  object space 123904K, 99% used [0x00000000c0000000,0x00000000c78455b8,0x00000000c7900000)
 Metaspace       used 70146K, committed 71232K, reserved 1114112K
  class space    used 8506K, committed 9024K, reserved 1048576K
}
Event: 50.552 GC heap before
{Heap before GC invocations=134 (full 7):
 PSYoungGen      total 1536K, used 1010K [0x00000000eab00000, 0x00000000ead80000, 0x0000000100000000)
  eden space 1024K, 98% used [0x00000000eab00000,0x00000000eabfc968,0x00000000eac00000)
  from space 512K, 0% used [0x00000000eac80000,0x00000000eac80000,0x00000000ead00000)
  to   space 512K, 0% used [0x00000000ead00000,0x00000000ead00000,0x00000000ead80000)
 ParOldGen       total 123904K, used 123157K [0x00000000c0000000, 0x00000000c7900000, 0x00000000eab00000)
  object space 123904K, 99% used [0x00000000c0000000,0x00000000c78455b8,0x00000000c7900000)
 Metaspace       used 70146K, committed 71232K, reserved 1114112K
  class space    used 8506K, committed 9024K, reserved 1048576K
}
Event: 50.554 GC heap after
{Heap after GC invocations=134 (full 7):
 PSYoungGen      total 1536K, used 381K [0x00000000eab00000, 0x00000000ead80000, 0x0000000100000000)
  eden space 1024K, 0% used [0x00000000eab00000,0x00000000eab00000,0x00000000eac00000)
  from space 512K, 74% used [0x00000000ead00000,0x00000000ead5f490,0x00000000ead80000)
  to   space 512K, 0% used [0x00000000eac80000,0x00000000eac80000,0x00000000ead00000)
 ParOldGen       total 123904K, used 123157K [0x00000000c0000000, 0x00000000c7900000, 0x00000000eab00000)
  object space 123904K, 99% used [0x00000000c0000000,0x00000000c78455b8,0x00000000c7900000)
 Metaspace       used 70146K, committed 71232K, reserved 1114112K
  class space    used 8506K, committed 9024K, reserved 1048576K
}

